{
"/Users/Ariel/WebstormProjects/Eventlix/.build/core/tests/db.spec.js":{"path":"/Users/Ariel/WebstormProjects/Eventlix/.build/core/tests/db.spec.js","s":{},"b":{},"f":{},"fnMap":{},"statementMap":{},"branchMap":{},"l":{}},
"/Users/Ariel/WebstormProjects/Eventlix/.build/core/tests/validation.spec.js":{"path":"/Users/Ariel/WebstormProjects/Eventlix/.build/core/tests/validation.spec.js","s":{"1":1,"2":1,"3":1,"4":1,"5":1,"6":1,"7":1,"8":1,"9":1,"10":1,"11":1,"12":1,"13":1,"14":1,"15":1},"b":{},"f":{},"fnMap":{},"statementMap":{"1":{"start":{"line":2,"column":0},"end":{"line":2,"column":62}},"2":{"start":{"line":3,"column":0},"end":{"line":3,"column":58}},"3":{"start":{"line":4,"column":0},"end":{"line":21,"column":3}},"4":{"start":{"line":5,"column":4},"end":{"line":8,"column":7}},"5":{"start":{"line":6,"column":8},"end":{"line":6,"column":61}},"6":{"start":{"line":7,"column":8},"end":{"line":7,"column":36}},"7":{"start":{"line":9,"column":4},"end":{"line":12,"column":7}},"8":{"start":{"line":10,"column":8},"end":{"line":10,"column":65}},"9":{"start":{"line":11,"column":8},"end":{"line":11,"column":35}},"10":{"start":{"line":13,"column":4},"end":{"line":16,"column":7}},"11":{"start":{"line":14,"column":8},"end":{"line":14,"column":61}},"12":{"start":{"line":15,"column":8},"end":{"line":15,"column":36}},"13":{"start":{"line":17,"column":4},"end":{"line":20,"column":7}},"14":{"start":{"line":18,"column":8},"end":{"line":18,"column":64}},"15":{"start":{"line":19,"column":8},"end":{"line":19,"column":35}}},"branchMap":{},"l":{"2":1,"3":1,"4":1,"5":1,"6":1,"7":1,"9":1,"10":1,"11":1,"13":1,"14":1,"15":1,"17":1,"18":1,"19":1}}}
