{
"/Users/Ariel/WebstormProjects/Eventlix/.build/core/lib/db.spec.js":{"path":"/Users/Ariel/WebstormProjects/Eventlix/.build/core/lib/db.spec.js","s":{"1":1,"2":1,"3":1,"4":1,"5":1,"6":1,"7":1,"8":1,"9":1,"10":1,"11":1,"12":1,"13":1,"14":1,"15":1,"16":1,"17":1,"18":1,"19":1,"20":1,"21":1,"22":1,"23":1,"24":1,"25":1},"b":{},"f":{"1":0},"fnMap":{"1":{"name":"(anonymous_1)","line":5,"loc":{"start":{"line":5,"column":32},"end":{"line":5,"column":44}}}},"statementMap":{"1":{"start":{"line":2,"column":0},"end":{"line":2,"column":62}},"2":{"start":{"line":3,"column":0},"end":{"line":3,"column":29}},"3":{"start":{"line":4,"column":0},"end":{"line":33,"column":3}},"4":{"start":{"line":5,"column":4},"end":{"line":5,"column":48}},"5":{"start":{"line":6,"column":4},"end":{"line":9,"column":7}},"6":{"start":{"line":7,"column":8},"end":{"line":7,"column":70}},"7":{"start":{"line":8,"column":8},"end":{"line":8,"column":38}},"8":{"start":{"line":10,"column":4},"end":{"line":13,"column":7}},"9":{"start":{"line":11,"column":8},"end":{"line":11,"column":49}},"10":{"start":{"line":12,"column":8},"end":{"line":12,"column":39}},"11":{"start":{"line":14,"column":4},"end":{"line":18,"column":7}},"12":{"start":{"line":15,"column":8},"end":{"line":15,"column":44}},"13":{"start":{"line":16,"column":8},"end":{"line":16,"column":55}},"14":{"start":{"line":17,"column":8},"end":{"line":17,"column":44}},"15":{"start":{"line":19,"column":4},"end":{"line":23,"column":7}},"16":{"start":{"line":20,"column":8},"end":{"line":20,"column":70}},"17":{"start":{"line":21,"column":8},"end":{"line":21,"column":55}},"18":{"start":{"line":22,"column":8},"end":{"line":22,"column":44}},"19":{"start":{"line":24,"column":4},"end":{"line":27,"column":7}},"20":{"start":{"line":25,"column":8},"end":{"line":25,"column":49}},"21":{"start":{"line":26,"column":8},"end":{"line":26,"column":49}},"22":{"start":{"line":28,"column":4},"end":{"line":32,"column":7}},"23":{"start":{"line":29,"column":8},"end":{"line":29,"column":50}},"24":{"start":{"line":30,"column":8},"end":{"line":30,"column":50}},"25":{"start":{"line":31,"column":8},"end":{"line":31,"column":37}}},"branchMap":{},"l":{"2":1,"3":1,"4":1,"5":1,"6":1,"7":1,"8":1,"10":1,"11":1,"12":1,"14":1,"15":1,"16":1,"17":1,"19":1,"20":1,"21":1,"22":1,"24":1,"25":1,"26":1,"28":1,"29":1,"30":1,"31":1}},
"/Users/Ariel/WebstormProjects/Eventlix/.build/core/tests/db.spec.js":{"path":"/Users/Ariel/WebstormProjects/Eventlix/.build/core/tests/db.spec.js","s":{},"b":{},"f":{},"fnMap":{},"statementMap":{},"branchMap":{},"l":{}},
"/Users/Ariel/WebstormProjects/Eventlix/.build/core/tests/validation.spec.js":{"path":"/Users/Ariel/WebstormProjects/Eventlix/.build/core/tests/validation.spec.js","s":{"1":1,"2":1,"3":1,"4":1,"5":1,"6":1,"7":1,"8":1,"9":1,"10":1,"11":1,"12":1,"13":1,"14":1,"15":1},"b":{},"f":{},"fnMap":{},"statementMap":{"1":{"start":{"line":2,"column":0},"end":{"line":2,"column":62}},"2":{"start":{"line":3,"column":0},"end":{"line":3,"column":58}},"3":{"start":{"line":4,"column":0},"end":{"line":21,"column":3}},"4":{"start":{"line":5,"column":4},"end":{"line":8,"column":7}},"5":{"start":{"line":6,"column":8},"end":{"line":6,"column":61}},"6":{"start":{"line":7,"column":8},"end":{"line":7,"column":36}},"7":{"start":{"line":9,"column":4},"end":{"line":12,"column":7}},"8":{"start":{"line":10,"column":8},"end":{"line":10,"column":65}},"9":{"start":{"line":11,"column":8},"end":{"line":11,"column":35}},"10":{"start":{"line":13,"column":4},"end":{"line":16,"column":7}},"11":{"start":{"line":14,"column":8},"end":{"line":14,"column":61}},"12":{"start":{"line":15,"column":8},"end":{"line":15,"column":36}},"13":{"start":{"line":17,"column":4},"end":{"line":20,"column":7}},"14":{"start":{"line":18,"column":8},"end":{"line":18,"column":64}},"15":{"start":{"line":19,"column":8},"end":{"line":19,"column":35}}},"branchMap":{},"l":{"2":1,"3":1,"4":1,"5":1,"6":1,"7":1,"9":1,"10":1,"11":1,"13":1,"14":1,"15":1,"17":1,"18":1,"19":1}}}
